Determining if the pthread_create exist failed with the following output:
Change Dir: /home/sun/hexapod_4_ws/build/CMakeFiles/CMakeTmp

Run Build Command:/usr/bin/make "cmTryCompileExec2664741990/fast"
/usr/bin/make -f CMakeFiles/cmTryCompileExec2664741990.dir/build.make CMakeFiles/cmTryCompileExec2664741990.dir/build
make[1]: 正在进入目录 `/home/sun/hexapod_4_ws/build/CMakeFiles/CMakeTmp'
/usr/bin/cmake -E cmake_progress_report /home/sun/hexapod_4_ws/build/CMakeFiles/CMakeTmp/CMakeFiles 1
Building C object CMakeFiles/cmTryCompileExec2664741990.dir/CheckSymbolExists.c.o
/usr/bin/cc    -o CMakeFiles/cmTryCompileExec2664741990.dir/CheckSymbolExists.c.o   -c /home/sun/hexapod_4_ws/build/CMakeFiles/CMakeTmp/CheckSymbolExists.c
Linking C executable cmTryCompileExec2664741990
/usr/bin/cmake -E cmake_link_script CMakeFiles/cmTryCompileExec2664741990.dir/link.txt --verbose=1
/usr/bin/cc       CMakeFiles/cmTryCompileExec2664741990.dir/CheckSymbolExists.c.o  -o cmTryCompileExec2664741990 -rdynamic 
CMakeFiles/cmTryCompileExec2664741990.dir/CheckSymbolExists.c.o：在函数‘main’中：
CheckSymbolExists.c:(.text+0x16)：对‘pthread_create’未定义的引用
collect2: error: ld returned 1 exit status
make[1]: *** [cmTryCompileExec2664741990] 错误 1
make[1]:正在离开目录 `/home/sun/hexapod_4_ws/build/CMakeFiles/CMakeTmp'
make: *** [cmTryCompileExec2664741990/fast] 错误 2

File /home/sun/hexapod_4_ws/build/CMakeFiles/CMakeTmp/CheckSymbolExists.c:
/* */
#include <pthread.h>

int main(int argc, char** argv)
{
  (void)argv;
#ifndef pthread_create
  return ((int*)(&pthread_create))[argc];
#else
  (void)argc;
  return 0;
#endif
}

Determining if the function pthread_create exists in the pthreads failed with the following output:
Change Dir: /home/sun/hexapod_4_ws/build/CMakeFiles/CMakeTmp

Run Build Command:/usr/bin/make "cmTryCompileExec2264464292/fast"
/usr/bin/make -f CMakeFiles/cmTryCompileExec2264464292.dir/build.make CMakeFiles/cmTryCompileExec2264464292.dir/build
make[1]: 正在进入目录 `/home/sun/hexapod_4_ws/build/CMakeFiles/CMakeTmp'
/usr/bin/cmake -E cmake_progress_report /home/sun/hexapod_4_ws/build/CMakeFiles/CMakeTmp/CMakeFiles 1
Building C object CMakeFiles/cmTryCompileExec2264464292.dir/CheckFunctionExists.c.o
/usr/bin/cc   -DCHECK_FUNCTION_EXISTS=pthread_create   -o CMakeFiles/cmTryCompileExec2264464292.dir/CheckFunctionExists.c.o   -c /usr/share/cmake-2.8/Modules/CheckFunctionExists.c
Linking C executable cmTryCompileExec2264464292
/usr/bin/cmake -E cmake_link_script CMakeFiles/cmTryCompileExec2264464292.dir/link.txt --verbose=1
/usr/bin/cc   -DCHECK_FUNCTION_EXISTS=pthread_create    CMakeFiles/cmTryCompileExec2264464292.dir/CheckFunctionExists.c.o  -o cmTryCompileExec2264464292 -rdynamic -lpthreads 
/usr/bin/ld: 找不到 -lpthreads
collect2: error: ld returned 1 exit status
make[1]: *** [cmTryCompileExec2264464292] 错误 1
make[1]:正在离开目录 `/home/sun/hexapod_4_ws/build/CMakeFiles/CMakeTmp'
make: *** [cmTryCompileExec2264464292/fast] 错误 2


