Determining if the pthread_create exist failed with the following output:
Change Dir: /home/sun/hexapod_4_ws/src/my_hexapod_control/build/CMakeFiles/CMakeTmp

Run Build Command:/usr/bin/make "cmTryCompileExec3560781377/fast"
/usr/bin/make -f CMakeFiles/cmTryCompileExec3560781377.dir/build.make CMakeFiles/cmTryCompileExec3560781377.dir/build
make[1]: Entering directory `/home/sun/hexapod_4_ws/src/my_hexapod_control/build/CMakeFiles/CMakeTmp'
/usr/bin/cmake -E cmake_progress_report /home/sun/hexapod_4_ws/src/my_hexapod_control/build/CMakeFiles/CMakeTmp/CMakeFiles 1
Building C object CMakeFiles/cmTryCompileExec3560781377.dir/CheckSymbolExists.c.o
/usr/bin/cc    -o CMakeFiles/cmTryCompileExec3560781377.dir/CheckSymbolExists.c.o   -c /home/sun/hexapod_4_ws/src/my_hexapod_control/build/CMakeFiles/CMakeTmp/CheckSymbolExists.c
Linking C executable cmTryCompileExec3560781377
/usr/bin/cmake -E cmake_link_script CMakeFiles/cmTryCompileExec3560781377.dir/link.txt --verbose=1
/usr/bin/cc       CMakeFiles/cmTryCompileExec3560781377.dir/CheckSymbolExists.c.o  -o cmTryCompileExec3560781377 -rdynamic 
CMakeFiles/cmTryCompileExec3560781377.dir/CheckSymbolExists.c.o: In function `main':
CheckSymbolExists.c:(.text+0x16): undefined reference to `pthread_create'
collect2: error: ld returned 1 exit status
make[1]: *** [cmTryCompileExec3560781377] Error 1
make[1]: Leaving directory `/home/sun/hexapod_4_ws/src/my_hexapod_control/build/CMakeFiles/CMakeTmp'
make: *** [cmTryCompileExec3560781377/fast] Error 2

File /home/sun/hexapod_4_ws/src/my_hexapod_control/build/CMakeFiles/CMakeTmp/CheckSymbolExists.c:
/* */
#include <pthread.h>

int main(int argc, char** argv)
{
  (void)argv;
#ifndef pthread_create
  return ((int*)(&pthread_create))[argc];
#else
  (void)argc;
  return 0;
#endif
}

Determining if the function pthread_create exists in the pthreads failed with the following output:
Change Dir: /home/sun/hexapod_4_ws/src/my_hexapod_control/build/CMakeFiles/CMakeTmp

Run Build Command:/usr/bin/make "cmTryCompileExec2803042075/fast"
/usr/bin/make -f CMakeFiles/cmTryCompileExec2803042075.dir/build.make CMakeFiles/cmTryCompileExec2803042075.dir/build
make[1]: Entering directory `/home/sun/hexapod_4_ws/src/my_hexapod_control/build/CMakeFiles/CMakeTmp'
/usr/bin/cmake -E cmake_progress_report /home/sun/hexapod_4_ws/src/my_hexapod_control/build/CMakeFiles/CMakeTmp/CMakeFiles 1
Building C object CMakeFiles/cmTryCompileExec2803042075.dir/CheckFunctionExists.c.o
/usr/bin/cc   -DCHECK_FUNCTION_EXISTS=pthread_create   -o CMakeFiles/cmTryCompileExec2803042075.dir/CheckFunctionExists.c.o   -c /usr/share/cmake-2.8/Modules/CheckFunctionExists.c
Linking C executable cmTryCompileExec2803042075
/usr/bin/cmake -E cmake_link_script CMakeFiles/cmTryCompileExec2803042075.dir/link.txt --verbose=1
/usr/bin/cc   -DCHECK_FUNCTION_EXISTS=pthread_create    CMakeFiles/cmTryCompileExec2803042075.dir/CheckFunctionExists.c.o  -o cmTryCompileExec2803042075 -rdynamic -lpthreads 
/usr/bin/ld: cannot find -lpthreads
collect2: error: ld returned 1 exit status
make[1]: *** [cmTryCompileExec2803042075] Error 1
make[1]: Leaving directory `/home/sun/hexapod_4_ws/src/my_hexapod_control/build/CMakeFiles/CMakeTmp'
make: *** [cmTryCompileExec2803042075/fast] Error 2


